<?xml version="1.0" encoding="UTF-8"?>
<!-- Generated by org.testng.reporters.JUnitXMLReporter -->
<testsuite ignored="6" hostname="DESKTOP-3O1JLKM" failures="0" tests="4" name="Test" time="61.015" errors="0" timestamp="2022-08-23T13:41:30 IST">
  <testcase classname="com.shophunt.testNG.InsertProductTest" name="insertTheProductAsAnAdmin" time="9.185"/>
  <testcase classname="com.shophunt.testNG.MyAccountTest" name="createUserAccountAndVerifyAdminModule" time="12.949"/>
  <testcase classname="com.shophunt.testNG.BuyProductTest" name="buyTheProductAndVerifyInAdminModule" time="16.907"/>
  <testcase classname="com.shophunt.testNG.CreateCategoryTest" name="CreateCategoryAndVerifyInUserAdminModuleTest" time="9.945"/>
  <testcase classname="com.shophunt.genericutilities.BaseClass" name="@BeforeSuite connectToDB" time="0.0">
    <ignored/>
  </testcase> <!-- @BeforeSuite connectToDB -->
  <testcase classname="com.shophunt.genericutilities.BaseClass" name="@BeforeSuite connectToDB" time="0.0">
    <ignored/>
  </testcase> <!-- @BeforeSuite connectToDB -->
  <testcase classname="com.shophunt.genericutilities.BaseClass" name="@BeforeSuite connectToDB" time="0.0">
    <ignored/>
  </testcase> <!-- @BeforeSuite connectToDB -->
  <testcase classname="com.shophunt.genericutilities.BaseClass" name="@AfterSuite closeTheDBConnection" time="0.0">
    <ignored/>
  </testcase> <!-- @AfterSuite closeTheDBConnection -->
  <testcase classname="com.shophunt.genericutilities.BaseClass" name="@AfterSuite closeTheDBConnection" time="0.0">
    <ignored/>
  </testcase> <!-- @AfterSuite closeTheDBConnection -->
  <testcase classname="com.shophunt.genericutilities.BaseClass" name="@AfterSuite closeTheDBConnection" time="0.0">
    <ignored/>
  </testcase> <!-- @AfterSuite closeTheDBConnection -->
</testsuite> <!-- Test -->
